<?xml version="1.0" encoding="UTF-8"?>
<!-- Generated by org.testng.reporters.JUnitReportReporter -->
<testsuite hostname="MSI" failures="1" tests="22" name="cucumberOptions.TestNGRunner_API" time="16.971" errors="0" timestamp="2024-11-29T18:42:16 AST" skipped="0">
  <testcase classname="cucumberOptions.TestNGRunner_API" name="runScenario" time="0.627"/>
  <testcase classname="cucumberOptions.TestNGRunner_API" name="runScenario" time="0.665"/>
  <testcase classname="cucumberOptions.TestNGRunner_API" name="runScenario" time="0.638"/>
  <testcase classname="cucumberOptions.TestNGRunner_API" name="runScenario" time="0.724"/>
  <testcase classname="cucumberOptions.TestNGRunner_API" name="runScenario" time="0.623"/>
  <testcase classname="cucumberOptions.TestNGRunner_API" name="runScenario" time="0.689"/>
  <testcase classname="cucumberOptions.TestNGRunner_API" name="runScenario" time="0.586"/>
  <testcase classname="cucumberOptions.TestNGRunner_API" name="runScenario" time="0.761"/>
  <testcase classname="cucumberOptions.TestNGRunner_API" name="runScenario" time="0.615"/>
  <testcase classname="cucumberOptions.TestNGRunner_API" name="runScenario" time="0.721"/>
  <testcase classname="cucumberOptions.TestNGRunner_API" name="runScenario" time="0.733"/>
  <testcase classname="cucumberOptions.TestNGRunner_API" name="runScenario" time="0.719"/>
  <testcase classname="cucumberOptions.TestNGRunner_API" name="runScenario" time="0.660"/>
  <testcase classname="cucumberOptions.TestNGRunner_API" name="runScenario" time="1.033"/>
  <testcase classname="cucumberOptions.TestNGRunner_API" name="runScenario" time="0.574"/>
  <testcase classname="cucumberOptions.TestNGRunner_API" name="runScenario" time="0.728"/>
  <testcase classname="cucumberOptions.TestNGRunner_API" name="runScenario" time="0.785">
    <failure message="null" type="java.lang.AssertionError">
      <![CDATA[java.lang.AssertionError: null
at org.testng.Assert.fail(Assert.java:111)
at org.testng.Assert.fail(Assert.java:116)
at StepDefenitions.Api.UpdatePassword.Loginreturns(UpdatePassword.java:60)
at âœ½.Change password returns 200(file:///C:/Users/hadim/Documents/MyProjects/Automation_setup/src/test/java/features/Api/APITesting.feature:53)
]]>
    </failure>
  </testcase> <!-- runScenario -->
  <testcase classname="cucumberOptions.TestNGRunner_API" name="runScenario" time="2.278"/>
  <testcase classname="cucumberOptions.TestNGRunner_API" name="runScenario" time="0.618"/>
  <testcase classname="cucumberOptions.TestNGRunner_API" name="runScenario" time="0.614"/>
  <testcase classname="cucumberOptions.TestNGRunner_API" name="runScenario" time="0.700"/>
  <testcase classname="cucumberOptions.TestNGRunner_API" name="runScenario" time="0.880"/>
</testsuite> <!-- cucumberOptions.TestNGRunner_API -->
